<?xml version="1.0" encoding="UTF-8"?>
<!-- Generated by org.testng.reporters.JUnitReportReporter -->
<testsuite skipped="0" hostname="DESKTOP-G4UIOEH" name="parameters.prog.ParaS3_33DeleteLegalEntity" tests="1" failures="0" timestamp="2021-05-29T12:15:18 IST" time="57.231" errors="0">
  <testcase name="paraTestS3_33DeleteLegalEntity" time="57.231" classname="parameters.prog.ParaS3_33DeleteLegalEntity"/>
  <system-out/>
</testsuite> <!-- parameters.prog.ParaS3_33DeleteLegalEntity -->
