<?xml version="1.0" encoding="UTF-8"?>
<!-- Generated by org.testng.reporters.JUnitReportReporter -->
<testsuite skipped="0" hostname="DESKTOP-G4UIOEH" name="testng.prog.TestS3_101CreateNewChart" tests="1" failures="0" timestamp="2021-05-24T23:39:55 IST" time="65.663" errors="0">
  <testcase name="runTestS3_101CreateNewChart" time="65.663" classname="testng.prog.TestS3_101CreateNewChart"/>
  <system-out/>
</testsuite> <!-- testng.prog.TestS3_101CreateNewChart -->
