<?xml version="1.0" encoding="UTF-8"?>
<!-- Generated by org.testng.reporters.JUnitReportReporter -->
<testsuite skipped="0" hostname="DESKTOP-G4UIOEH" name="parameters.prog.ParaS3_97alertMessageWorkType" tests="3" failures="0" timestamp="2021-05-29T13:16:12 IST" time="144.592" errors="0">
  <testcase name="paraTestS3_97alertMessageWorkType" time="48.511" classname="parameters.prog.ParaS3_97alertMessageWorkType"/>
  <system-out/>
  <testcase name="paraTestS3_97alertMessageWorkType" time="49.657" classname="parameters.prog.ParaS3_97alertMessageWorkType"/>
  <system-out/>
  <testcase name="paraTestS3_97alertMessageWorkType" time="46.424" classname="parameters.prog.ParaS3_97alertMessageWorkType"/>
  <system-out/>
</testsuite> <!-- parameters.prog.ParaS3_97alertMessageWorkType -->
