<?xml version="1.0" encoding="UTF-8"?>
<!-- Generated by org.testng.reporters.JUnitReportReporter -->
<testsuite skipped="0" hostname="DESKTOP-G4UIOEH" name="testng.prog.TestS3_28ArchitectCertifications" tests="1" failures="0" timestamp="2021-05-22T12:05:33 IST" time="82.641" errors="0">
  <testcase name="runTestS3_28ArchitectCertifications" time="82.641" classname="testng.prog.TestS3_28ArchitectCertifications"/>
  <system-out/>
</testsuite> <!-- testng.prog.TestS3_28ArchitectCertifications -->
