<?xml version="1.0" encoding="UTF-8"?>
<!-- Generated by org.testng.reporters.JUnitReportReporter -->
<testsuite skipped="0" hostname="DESKTOP-G4UIOEH" name="testng.prog.LearningGroups" tests="3" failures="0" timestamp="2021-05-23T10:31:23 IST" time="0.020" errors="0">
  <testcase name="runTest4" time="0.002" classname="testng.prog.LearningGroups"/>
  <system-out/>
  <testcase name="runTest2" time="0.003" classname="testng.prog.LearningGroups"/>
  <system-out/>
  <testcase name="runTest1" time="0.015" classname="testng.prog.LearningGroups"/>
  <system-out/>
</testsuite> <!-- testng.prog.LearningGroups -->
