<?xml version="1.0" encoding="UTF-8"?>
<!-- Generated by org.testng.reporters.JUnitReportReporter -->
<testsuite skipped="0" hostname="DESKTOP-G4UIOEH" name="testng.prog.TestS3_97alertMessageWorkType" tests="1" failures="0" timestamp="2021-06-05T11:21:07 IST" time="50.325" errors="0">
  <testcase name="runTestS3_97alertMessageWorkType" time="50.325" classname="testng.prog.TestS3_97alertMessageWorkType"/>
  <system-out/>
</testsuite> <!-- testng.prog.TestS3_97alertMessageWorkType -->
