<?xml version="1.0" encoding="UTF-8"?>
<!-- Generated by org.testng.reporters.JUnitReportReporter -->
<testsuite skipped="0" hostname="DESKTOP-G4UIOEH" name="ReadExcel.ExcelS3_97alertMessageWorkType" tests="3" failures="0" timestamp="2021-05-30T11:25:59 IST" time="139.244" errors="0">
  <testcase name="excelTestS3_97alertMessageWorkType" time="48.043" classname="ReadExcel.ExcelS3_97alertMessageWorkType"/>
  <system-out/>
  <testcase name="excelTestS3_97alertMessageWorkType" time="46.621" classname="ReadExcel.ExcelS3_97alertMessageWorkType"/>
  <system-out/>
  <testcase name="excelTestS3_97alertMessageWorkType" time="44.580" classname="ReadExcel.ExcelS3_97alertMessageWorkType"/>
  <system-out/>
</testsuite> <!-- ReadExcel.ExcelS3_97alertMessageWorkType -->
