<?xml version="1.0" encoding="UTF-8"?>
<!-- Generated by org.testng.reporters.JUnitReportReporter -->
<testsuite skipped="0" hostname="DESKTOP-G4UIOEH" name="testng.prog.TestS3_70attachDocument" tests="1" failures="0" timestamp="2021-06-06T12:35:18 IST" time="51.593" errors="0">
  <testcase name="runTestS3_70attachDocument" time="51.593" classname="testng.prog.TestS3_70attachDocument"/>
  <system-out/>
</testsuite> <!-- testng.prog.TestS3_70attachDocument -->
